2015-02-18 14:54:01,305 [Worker-5] INFO  o.e.m.c.i.i.nexus.NexusIndexManager - Updating index for repository: central|http://repo1.maven.org/maven2
2015-02-18 14:54:22,568 [ModalContext] WARN  o.e.m.i.discovery.MavenDiscovery - CatalogItem org.eclipse.m2e.discovery.lifecyclemapping.m2e-egit does not contain lifecycle mapping metadata
2015-02-18 14:54:22,570 [ModalContext] WARN  o.e.m.i.discovery.MavenDiscovery - CatalogItem org.eclipse.m2e.discovery.lifecyclemapping.m2e-cvs does not contain lifecycle mapping metadata
2015-02-18 14:54:22,571 [ModalContext] WARN  o.e.m.i.discovery.MavenDiscovery - CatalogItem org.eclipse.m2e.discovery.lifecyclemapping.m2e-subversive does not contain lifecycle mapping metadata
2015-02-18 14:54:22,577 [ModalContext] WARN  o.e.m.i.discovery.MavenDiscovery - CatalogItem org.eclipse.m2e.discovery.lifecyclemapping.m2e-subclipse does not contain lifecycle mapping metadata
2015-02-18 14:54:22,579 [ModalContext] WARN  o.e.m.i.discovery.MavenDiscovery - CatalogItem org.eclipse.m2e.discovery.maven-runtime-3.0.3 does not contain lifecycle mapping metadata
2015-02-18 14:54:55,461 [Worker-7] INFO  o.e.m.c.i.l.LifecycleMappingFactory - Using org.eclipse.m2e.jdt.JarLifecycleMapping lifecycle mapping for MavenProject: fr.iutinfo.m4102:CalcRestDemo:0.0.1-SNAPSHOT @ /home/skylight/School/Prog-Repartie/CalcRestDemo/pom.xml.
2015-02-18 14:54:55,614 [New I/O client worker #2-1] INFO  o.e.m.c.i.e.AbstractTransferListenerAdapter - Downloading http://repo1.maven.org/maven2/org/glassfish/jersey/containers/jersey-container-jdk-http/2.16/jersey-container-jdk-http-2.16.pom
2015-02-18 14:54:55,618 [New I/O client worker #2-1] INFO  o.e.m.c.i.e.AbstractTransferListenerAdapter - Downloaded http://repo1.maven.org/maven2/org/glassfish/jersey/containers/jersey-container-jdk-http/2.16/jersey-container-jdk-http-2.16.pom
2015-02-18 14:54:55,762 [New I/O client worker #3-1] INFO  o.e.m.c.i.e.AbstractTransferListenerAdapter - Downloading http://repo1.maven.org/maven2/org/glassfish/jersey/containers/project/2.16/project-2.16.pom
2015-02-18 14:54:55,764 [New I/O client worker #3-1] INFO  o.e.m.c.i.e.AbstractTransferListenerAdapter - Downloaded http://repo1.maven.org/maven2/org/glassfish/jersey/containers/project/2.16/project-2.16.pom
2015-02-18 14:54:55,847 [New I/O client worker #4-1] INFO  o.e.m.c.i.e.AbstractTransferListenerAdapter - Downloading http://repo1.maven.org/maven2/org/glassfish/jersey/project/2.16/project-2.16.pom
2015-02-18 14:54:55,916 [New I/O client worker #4-1] INFO  o.e.m.c.i.e.AbstractTransferListenerAdapter - Downloaded http://repo1.maven.org/maven2/org/glassfish/jersey/project/2.16/project-2.16.pom
2015-02-18 14:54:56,018 [New I/O client worker #5-1] INFO  o.e.m.c.i.e.AbstractTransferListenerAdapter - Downloading http://repo1.maven.org/maven2/org/glassfish/hk2/hk2-bom/2.4.0-b09/hk2-bom-2.4.0-b09.pom
2015-02-18 14:54:56,037 [New I/O client worker #5-1] INFO  o.e.m.c.i.e.AbstractTransferListenerAdapter - Downloaded http://repo1.maven.org/maven2/org/glassfish/hk2/hk2-bom/2.4.0-b09/hk2-bom-2.4.0-b09.pom
2015-02-18 14:54:56,184 [New I/O client worker #6-1] INFO  o.e.m.c.i.e.AbstractTransferListenerAdapter - Downloading http://repo1.maven.org/maven2/org/glassfish/jersey/core/jersey-common/2.16/jersey-common-2.16.pom
2015-02-18 14:54:56,188 [New I/O client worker #6-1] INFO  o.e.m.c.i.e.AbstractTransferListenerAdapter - Downloaded http://repo1.maven.org/maven2/org/glassfish/jersey/core/jersey-common/2.16/jersey-common-2.16.pom
2015-02-18 14:54:56,343 [New I/O client worker #7-1] INFO  o.e.m.c.i.e.AbstractTransferListenerAdapter - Downloading http://repo1.maven.org/maven2/org/glassfish/jersey/bundles/repackaged/jersey-guava/2.16/jersey-guava-2.16.pom
2015-02-18 14:54:56,365 [New I/O client worker #7-1] INFO  o.e.m.c.i.e.AbstractTransferListenerAdapter - Downloaded http://repo1.maven.org/maven2/org/glassfish/jersey/bundles/repackaged/jersey-guava/2.16/jersey-guava-2.16.pom
2015-02-18 14:54:56,498 [New I/O client worker #8-1] INFO  o.e.m.c.i.e.AbstractTransferListenerAdapter - Downloading http://repo1.maven.org/maven2/org/glassfish/jersey/bundles/repackaged/project/2.16/project-2.16.pom
2015-02-18 14:54:56,504 [New I/O client worker #8-1] INFO  o.e.m.c.i.e.AbstractTransferListenerAdapter - Downloaded http://repo1.maven.org/maven2/org/glassfish/jersey/bundles/repackaged/project/2.16/project-2.16.pom
2015-02-18 14:54:56,570 [New I/O client worker #9-1] INFO  o.e.m.c.i.e.AbstractTransferListenerAdapter - Downloading http://repo1.maven.org/maven2/org/glassfish/jersey/bundles/project/2.16/project-2.16.pom
2015-02-18 14:54:56,571 [New I/O client worker #9-1] INFO  o.e.m.c.i.e.AbstractTransferListenerAdapter - Downloaded http://repo1.maven.org/maven2/org/glassfish/jersey/bundles/project/2.16/project-2.16.pom
2015-02-18 14:54:56,687 [New I/O client worker #10-1] INFO  o.e.m.c.i.e.AbstractTransferListenerAdapter - Downloading http://repo1.maven.org/maven2/org/glassfish/hk2/hk2-api/2.4.0-b09/hk2-api-2.4.0-b09.pom
2015-02-18 14:54:56,688 [New I/O client worker #10-1] INFO  o.e.m.c.i.e.AbstractTransferListenerAdapter - Downloaded http://repo1.maven.org/maven2/org/glassfish/hk2/hk2-api/2.4.0-b09/hk2-api-2.4.0-b09.pom
2015-02-18 14:54:56,799 [New I/O client worker #11-1] INFO  o.e.m.c.i.e.AbstractTransferListenerAdapter - Downloading http://repo1.maven.org/maven2/org/glassfish/hk2/hk2-parent/2.4.0-b09/hk2-parent-2.4.0-b09.pom
2015-02-18 14:54:56,848 [New I/O client worker #11-1] INFO  o.e.m.c.i.e.AbstractTransferListenerAdapter - Downloaded http://repo1.maven.org/maven2/org/glassfish/hk2/hk2-parent/2.4.0-b09/hk2-parent-2.4.0-b09.pom
2015-02-18 14:54:57,464 [New I/O client worker #12-1] INFO  o.e.m.c.i.e.AbstractTransferListenerAdapter - Downloading http://repo1.maven.org/maven2/org/glassfish/hk2/hk2-utils/2.4.0-b09/hk2-utils-2.4.0-b09.pom
2015-02-18 14:54:57,469 [New I/O client worker #12-1] INFO  o.e.m.c.i.e.AbstractTransferListenerAdapter - Downloaded http://repo1.maven.org/maven2/org/glassfish/hk2/hk2-utils/2.4.0-b09/hk2-utils-2.4.0-b09.pom
2015-02-18 14:54:57,710 [New I/O client worker #13-1] INFO  o.e.m.c.i.e.AbstractTransferListenerAdapter - Downloading http://repo1.maven.org/maven2/org/glassfish/hk2/external/aopalliance-repackaged/2.4.0-b09/aopalliance-repackaged-2.4.0-b09.pom
2015-02-18 14:54:57,712 [New I/O client worker #13-1] INFO  o.e.m.c.i.e.AbstractTransferListenerAdapter - Downloaded http://repo1.maven.org/maven2/org/glassfish/hk2/external/aopalliance-repackaged/2.4.0-b09/aopalliance-repackaged-2.4.0-b09.pom
2015-02-18 14:54:57,817 [New I/O client worker #14-1] INFO  o.e.m.c.i.e.AbstractTransferListenerAdapter - Downloading http://repo1.maven.org/maven2/org/glassfish/hk2/external/2.4.0-b09/external-2.4.0-b09.pom
2015-02-18 14:54:57,820 [New I/O client worker #14-1] INFO  o.e.m.c.i.e.AbstractTransferListenerAdapter - Downloaded http://repo1.maven.org/maven2/org/glassfish/hk2/external/2.4.0-b09/external-2.4.0-b09.pom
2015-02-18 14:54:57,930 [New I/O client worker #15-1] INFO  o.e.m.c.i.e.AbstractTransferListenerAdapter - Downloading http://repo1.maven.org/maven2/org/glassfish/hk2/external/javax.inject/2.4.0-b09/javax.inject-2.4.0-b09.pom
2015-02-18 14:54:57,935 [New I/O client worker #15-1] INFO  o.e.m.c.i.e.AbstractTransferListenerAdapter - Downloaded http://repo1.maven.org/maven2/org/glassfish/hk2/external/javax.inject/2.4.0-b09/javax.inject-2.4.0-b09.pom
2015-02-18 14:54:58,012 [New I/O client worker #16-1] INFO  o.e.m.c.i.e.AbstractTransferListenerAdapter - Downloading http://repo1.maven.org/maven2/org/glassfish/hk2/hk2-locator/2.4.0-b09/hk2-locator-2.4.0-b09.pom
2015-02-18 14:54:58,030 [New I/O client worker #16-1] INFO  o.e.m.c.i.e.AbstractTransferListenerAdapter - Downloaded http://repo1.maven.org/maven2/org/glassfish/hk2/hk2-locator/2.4.0-b09/hk2-locator-2.4.0-b09.pom
2015-02-18 14:54:58,159 [New I/O client worker #17-1] INFO  o.e.m.c.i.e.AbstractTransferListenerAdapter - Downloading http://repo1.maven.org/maven2/org/glassfish/jersey/core/jersey-server/2.16/jersey-server-2.16.pom
2015-02-18 14:54:58,174 [New I/O client worker #17-1] INFO  o.e.m.c.i.e.AbstractTransferListenerAdapter - Downloaded http://repo1.maven.org/maven2/org/glassfish/jersey/core/jersey-server/2.16/jersey-server-2.16.pom
2015-02-18 14:54:58,297 [New I/O client worker #18-1] INFO  o.e.m.c.i.e.AbstractTransferListenerAdapter - Downloading http://repo1.maven.org/maven2/org/glassfish/jersey/core/jersey-client/2.16/jersey-client-2.16.pom
2015-02-18 14:54:58,302 [New I/O client worker #18-1] INFO  o.e.m.c.i.e.AbstractTransferListenerAdapter - Downloaded http://repo1.maven.org/maven2/org/glassfish/jersey/core/jersey-client/2.16/jersey-client-2.16.pom
2015-02-18 14:54:58,402 [New I/O client worker #19-1] INFO  o.e.m.c.i.e.AbstractTransferListenerAdapter - Downloading http://repo1.maven.org/maven2/org/glassfish/jersey/media/jersey-media-jaxb/2.16/jersey-media-jaxb-2.16.pom
2015-02-18 14:54:58,407 [New I/O client worker #19-1] INFO  o.e.m.c.i.e.AbstractTransferListenerAdapter - Downloaded http://repo1.maven.org/maven2/org/glassfish/jersey/media/jersey-media-jaxb/2.16/jersey-media-jaxb-2.16.pom
2015-02-18 14:54:58,491 [New I/O client worker #20-1] INFO  o.e.m.c.i.e.AbstractTransferListenerAdapter - Downloading http://repo1.maven.org/maven2/org/glassfish/jersey/media/project/2.16/project-2.16.pom
2015-02-18 14:54:58,497 [New I/O client worker #20-1] INFO  o.e.m.c.i.e.AbstractTransferListenerAdapter - Downloaded http://repo1.maven.org/maven2/org/glassfish/jersey/media/project/2.16/project-2.16.pom
2015-02-18 14:54:58,585 [New I/O client worker #21-1] INFO  o.e.m.c.i.e.AbstractTransferListenerAdapter - Downloading http://repo1.maven.org/maven2/org/glassfish/jersey/containers/jersey-container-jdk-http/2.16/jersey-container-jdk-http-2.16.jar
2015-02-18 14:54:58,616 [New I/O client worker #21-3] INFO  o.e.m.c.i.e.AbstractTransferListenerAdapter - Downloading http://repo1.maven.org/maven2/org/glassfish/jersey/bundles/repackaged/jersey-guava/2.16/jersey-guava-2.16.jar
2015-02-18 14:54:58,617 [New I/O client worker #21-2] INFO  o.e.m.c.i.e.AbstractTransferListenerAdapter - Downloading http://repo1.maven.org/maven2/org/glassfish/jersey/core/jersey-common/2.16/jersey-common-2.16.jar
2015-02-18 14:54:58,636 [New I/O client worker #21-1] INFO  o.e.m.c.i.e.AbstractTransferListenerAdapter - Downloaded http://repo1.maven.org/maven2/org/glassfish/jersey/containers/jersey-container-jdk-http/2.16/jersey-container-jdk-http-2.16.jar
2015-02-18 14:54:58,652 [New I/O client worker #21-4] INFO  o.e.m.c.i.e.AbstractTransferListenerAdapter - Downloading http://repo1.maven.org/maven2/org/glassfish/jersey/core/jersey-server/2.16/jersey-server-2.16.jar
2015-02-18 14:54:58,670 [New I/O client worker #21-1] INFO  o.e.m.c.i.e.AbstractTransferListenerAdapter - Downloading http://repo1.maven.org/maven2/org/glassfish/jersey/core/jersey-client/2.16/jersey-client-2.16.jar
2015-02-18 14:54:58,674 [New I/O client worker #21-2] INFO  o.e.m.c.i.e.AbstractTransferListenerAdapter - Downloading http://repo1.maven.org/maven2/org/glassfish/jersey/media/jersey-media-jaxb/2.16/jersey-media-jaxb-2.16.jar
2015-02-18 14:54:58,696 [New I/O client worker #21-1] INFO  o.e.m.c.i.e.AbstractTransferListenerAdapter - Downloading http://repo1.maven.org/maven2/org/glassfish/hk2/hk2-api/2.4.0-b09/hk2-api-2.4.0-b09.jar
2015-02-18 14:54:58,696 [New I/O client worker #21-3] INFO  o.e.m.c.i.e.AbstractTransferListenerAdapter - Downloading http://repo1.maven.org/maven2/org/glassfish/hk2/hk2-utils/2.4.0-b09/hk2-utils-2.4.0-b09.jar
2015-02-18 14:54:58,699 [New I/O client worker #21-4] INFO  o.e.m.c.i.e.AbstractTransferListenerAdapter - Downloading http://repo1.maven.org/maven2/org/glassfish/hk2/external/aopalliance-repackaged/2.4.0-b09/aopalliance-repackaged-2.4.0-b09.jar
2015-02-18 14:54:58,733 [New I/O client worker #21-3] INFO  o.e.m.c.i.e.AbstractTransferListenerAdapter - Downloading http://repo1.maven.org/maven2/org/glassfish/hk2/hk2-locator/2.4.0-b09/hk2-locator-2.4.0-b09.jar
2015-02-18 14:54:58,756 [New I/O client worker #21-2] INFO  o.e.m.c.i.e.AbstractTransferListenerAdapter - Downloading http://repo1.maven.org/maven2/org/glassfish/hk2/external/javax.inject/2.4.0-b09/javax.inject-2.4.0-b09.jar
2015-02-18 14:54:58,760 [New I/O client worker #21-2] INFO  o.e.m.c.i.e.AbstractTransferListenerAdapter - Downloaded http://repo1.maven.org/maven2/org/glassfish/hk2/external/javax.inject/2.4.0-b09/javax.inject-2.4.0-b09.jar
2015-02-18 14:54:58,803 [New I/O client worker #21-4] INFO  o.e.m.c.i.e.AbstractTransferListenerAdapter - Downloaded http://repo1.maven.org/maven2/org/glassfish/hk2/external/aopalliance-repackaged/2.4.0-b09/aopalliance-repackaged-2.4.0-b09.jar
2015-02-18 14:54:59,086 [New I/O client worker #21-2] INFO  o.e.m.c.i.e.AbstractTransferListenerAdapter - Downloaded http://repo1.maven.org/maven2/org/glassfish/jersey/media/jersey-media-jaxb/2.16/jersey-media-jaxb-2.16.jar
2015-02-18 14:54:59,200 [New I/O client worker #21-3] INFO  o.e.m.c.i.e.AbstractTransferListenerAdapter - Downloaded http://repo1.maven.org/maven2/org/glassfish/hk2/hk2-utils/2.4.0-b09/hk2-utils-2.4.0-b09.jar
2015-02-18 14:54:59,252 [New I/O client worker #21-3] INFO  o.e.m.c.i.e.AbstractTransferListenerAdapter - Downloaded http://repo1.maven.org/maven2/org/glassfish/hk2/hk2-locator/2.4.0-b09/hk2-locator-2.4.0-b09.jar
2015-02-18 14:54:59,374 [New I/O client worker #21-1] INFO  o.e.m.c.i.e.AbstractTransferListenerAdapter - Downloaded http://repo1.maven.org/maven2/org/glassfish/jersey/core/jersey-client/2.16/jersey-client-2.16.jar
2015-02-18 14:54:59,433 [New I/O client worker #21-1] INFO  o.e.m.c.i.e.AbstractTransferListenerAdapter - Downloaded http://repo1.maven.org/maven2/org/glassfish/hk2/hk2-api/2.4.0-b09/hk2-api-2.4.0-b09.jar
2015-02-18 14:55:00,099 [New I/O client worker #21-3] INFO  o.e.m.c.i.e.AbstractTransferListenerAdapter - Downloaded http://repo1.maven.org/maven2/org/glassfish/jersey/bundles/repackaged/jersey-guava/2.16/jersey-guava-2.16.jar
2015-02-18 14:55:00,529 [New I/O client worker #21-2] INFO  o.e.m.c.i.e.AbstractTransferListenerAdapter - Downloaded http://repo1.maven.org/maven2/org/glassfish/jersey/core/jersey-common/2.16/jersey-common-2.16.jar
2015-02-18 14:55:01,724 [New I/O client worker #21-4] INFO  o.e.m.c.i.e.AbstractTransferListenerAdapter - Downloaded http://repo1.maven.org/maven2/org/glassfish/jersey/core/jersey-server/2.16/jersey-server-2.16.jar
2015-02-18 14:55:01,888 [Worker-7] WARN  o.e.m.c.i.embedder.EclipseLogger - Failed to dispatch repository event to org.eclipse.m2e.core.internal.embedder.EclipseRepositoryListener: null
2015-02-18 14:55:03,214 [Worker-7] INFO  o.e.m.j.i.AbstractJavaProjectConfigurator - Adding source folder /CalcRestDemo/src
2015-02-18 14:55:03,220 [Worker-8] INFO  o.e.m.c.i.l.LifecycleMappingFactory - Using org.eclipse.m2e.jdt.JarLifecycleMapping lifecycle mapping for MavenProject: fr.iutinfo.m4102:CalcRestDemo:0.0.1-SNAPSHOT @ /home/skylight/School/Prog-Repartie/CalcRestDemo/pom.xml.
2015-02-18 14:55:03,638 [Worker-7] INFO  o.e.m.c.i.p.ProjectConfigurationManager - Project import completed 10 sec
2015-02-18 14:55:03,645 [Worker-8] INFO  o.e.m.c.i.l.LifecycleMappingFactory - Using org.eclipse.m2e.jdt.JarLifecycleMapping lifecycle mapping for MavenProject: fr.iutinfo.m4102:CalcRestDemo:0.0.1-SNAPSHOT @ /home/skylight/School/Prog-Repartie/CalcRestDemo/pom.xml.
2015-02-18 14:55:04,688 [Worker-10] INFO  o.e.m.c.u.i.UpdateConfigurationJob - Update started
2015-02-18 14:55:04,688 [Worker-10] INFO  o.e.m.c.u.i.UpdateConfigurationJob - Update completed: 0 sec
2015-02-18 14:55:05,214 [Worker-10] INFO  o.e.m.c.i.l.LifecycleMappingFactory - Using org.eclipse.m2e.jdt.JarLifecycleMapping lifecycle mapping for MavenProject: fr.iutinfo.m4102:CalcRestDemo:0.0.1-SNAPSHOT @ /home/skylight/School/Prog-Repartie/CalcRestDemo/pom.xml.
2015-02-18 14:55:05,653 [Worker-10] INFO  o.e.m.c.i.embedder.EclipseLogger - Using 'UTF-8' encoding to copy filtered resources.
2015-02-18 14:55:05,653 [Worker-10] INFO  o.e.m.c.i.embedder.EclipseLogger - skip non existing resourceDirectory /home/skylight/School/Prog-Repartie/CalcRestDemo/src/main/resources
2015-02-18 14:55:05,659 [Worker-10] INFO  o.e.m.c.i.embedder.EclipseLogger - Using 'UTF-8' encoding to copy filtered resources.
2015-02-18 14:55:05,659 [Worker-10] INFO  o.e.m.c.i.embedder.EclipseLogger - skip non existing resourceDirectory /home/skylight/School/Prog-Repartie/CalcRestDemo/src/test/resources
2015-02-18 15:01:41,392 [Worker-5] INFO  o.e.m.c.i.i.nexus.NexusIndexManager - Updated index for repository: central|http://repo1.maven.org/maven2 in 460091 ms
